[03-Jul-2023 14:08:54 UTC] PHP Notice:  Undefined property: stdClass::$blog in Standard input code on line 13
[07-Jul-2023 07:35:11 UTC] PHP Warning:  Module 'pdo_mysql' already loaded in Unknown on line 0
[07-Jul-2023 07:44:38 UTC] PHP Warning:  Module 'pdo_mysql' already loaded in Unknown on line 0
[07-Jul-2023 07:49:53 UTC] PHP Warning:  Module 'pdo_mysql' already loaded in Unknown on line 0
[07-Jul-2023 07:54:42 UTC] PHP Warning:  Module 'pdo_mysql' already loaded in Unknown on line 0
[07-Jul-2023 08:06:35 UTC] PHP Warning:  Module 'pdo_mysql' already loaded in Unknown on line 0
[07-Jul-2023 08:15:57 UTC] PHP Warning:  Module 'pdo_mysql' already loaded in Unknown on line 0
[07-Jul-2023 08:16:06 UTC] PHP Warning:  Module 'pdo_mysql' already loaded in Unknown on line 0
[07-Jul-2023 08:16:08 UTC] PHP Warning:  Module 'pdo_mysql' already loaded in Unknown on line 0
[07-Jul-2023 12:24:19 UTC] PHP Warning:  Module 'pdo_mysql' already loaded in Unknown on line 0
[07-Jul-2023 12:24:20 UTC] PHP Warning:  Module 'pdo_mysql' already loaded in Unknown on line 0
[07-Jul-2023 12:24:20 UTC] PHP Warning:  Module 'pdo_mysql' already loaded in Unknown on line 0
[07-Jul-2023 12:24:40 UTC] PHP Warning:  Module 'pdo_mysql' already loaded in Unknown on line 0
[07-Jul-2023 12:27:31 UTC] PHP Warning:  Module 'pdo_mysql' already loaded in Unknown on line 0
[07-Jul-2023 12:28:58 UTC] PHP Warning:  Module 'pdo_mysql' already loaded in Unknown on line 0
[07-Jul-2023 12:28:58 UTC] PHP Warning:  Module 'pdo_mysql' already loaded in Unknown on line 0
[07-Jul-2023 12:28:58 UTC] PHP Warning:  Module 'pdo_mysql' already loaded in Unknown on line 0
[07-Jul-2023 12:28:59 UTC] PHP Warning:  Module 'pdo_mysql' already loaded in Unknown on line 0
[07-Jul-2023 12:29:28 UTC] PHP Warning:  Module 'pdo_mysql' already loaded in Unknown on line 0
[07-Jul-2023 12:54:17 UTC] PHP Warning:  Module 'pdo_mysql' already loaded in Unknown on line 0
[10-Jul-2023 09:04:42 UTC] PHP Warning:  Module 'pdo_mysql' already loaded in Unknown on line 0
[10-Jul-2023 09:05:19 UTC] PHP Warning:  Module 'pdo_mysql' already loaded in Unknown on line 0
[10-Jul-2023 09:06:01 UTC] PHP Warning:  Module 'pdo_mysql' already loaded in Unknown on line 0
[10-Jul-2023 09:06:01 UTC] PHP Warning:  Module 'pdo_mysql' already loaded in Unknown on line 0
[10-Jul-2023 09:06:02 UTC] PHP Warning:  Module 'pdo_mysql' already loaded in Unknown on line 0
[10-Jul-2023 09:06:17 UTC] PHP Warning:  Module 'pdo_mysql' already loaded in Unknown on line 0
[10-Jul-2023 09:08:03 UTC] PHP Warning:  Module 'pdo_mysql' already loaded in Unknown on line 0
[10-Jul-2023 09:13:42 UTC] PHP Warning:  Module 'pdo_mysql' already loaded in Unknown on line 0
[10-Jul-2023 09:13:42 UTC] PHP Warning:  Module 'pdo_mysql' already loaded in Unknown on line 0
[10-Jul-2023 09:13:42 UTC] PHP Warning:  Module 'pdo_mysql' already loaded in Unknown on line 0
[10-Jul-2023 09:13:43 UTC] PHP Warning:  Module 'pdo_mysql' already loaded in Unknown on line 0
[10-Jul-2023 09:13:43 UTC] PHP Warning:  Module 'pdo_mysql' already loaded in Unknown on line 0
[10-Jul-2023 09:13:44 UTC] PHP Warning:  Module 'pdo_mysql' already loaded in Unknown on line 0
[10-Jul-2023 09:14:09 UTC] PHP Warning:  Module 'pdo_mysql' already loaded in Unknown on line 0
[10-Jul-2023 09:14:10 UTC] PHP Warning:  Module 'pdo_mysql' already loaded in Unknown on line 0
[10-Jul-2023 09:14:10 UTC] PHP Warning:  Module 'pdo_mysql' already loaded in Unknown on line 0
[10-Jul-2023 09:14:10 UTC] PHP Warning:  Module 'pdo_mysql' already loaded in Unknown on line 0
[10-Jul-2023 09:14:21 UTC] PHP Warning:  Module 'pdo_mysql' already loaded in Unknown on line 0
[10-Jul-2023 09:14:22 UTC] PHP Warning:  Module 'pdo_mysql' already loaded in Unknown on line 0
[10-Jul-2023 09:14:23 UTC] PHP Warning:  Module 'pdo_mysql' already loaded in Unknown on line 0
[10-Jul-2023 09:14:24 UTC] PHP Warning:  Module 'pdo_mysql' already loaded in Unknown on line 0
[10-Jul-2023 09:14:24 UTC] PHP Warning:  Module 'pdo_mysql' already loaded in Unknown on line 0
[10-Jul-2023 09:18:37 UTC] PHP Warning:  Module 'pdo_mysql' already loaded in Unknown on line 0
[10-Jul-2023 09:18:37 UTC] PHP Warning:  Module 'pdo_mysql' already loaded in Unknown on line 0
[10-Jul-2023 09:18:37 UTC] PHP Warning:  Module 'pdo_mysql' already loaded in Unknown on line 0
[10-Jul-2023 09:18:38 UTC] PHP Warning:  Module 'pdo_mysql' already loaded in Unknown on line 0
[10-Jul-2023 09:18:44 UTC] PHP Warning:  Module 'pdo_mysql' already loaded in Unknown on line 0
[10-Jul-2023 09:18:44 UTC] PHP Warning:  Module 'pdo_mysql' already loaded in Unknown on line 0
[10-Jul-2023 09:18:45 UTC] PHP Warning:  Module 'pdo_mysql' already loaded in Unknown on line 0
[10-Jul-2023 09:18:47 UTC] PHP Warning:  Module 'pdo_mysql' already loaded in Unknown on line 0
[10-Jul-2023 09:18:47 UTC] PHP Warning:  Module 'pdo_mysql' already loaded in Unknown on line 0
[11-Jul-2023 14:56:21 UTC] PHP Warning:  Module 'pdo_mysql' already loaded in Unknown on line 0
[11-Jul-2023 14:56:21 UTC] PHP Warning:  Module 'pdo_mysql' already loaded in Unknown on line 0
[11-Jul-2023 14:56:21 UTC] PHP Warning:  Module 'pdo_mysql' already loaded in Unknown on line 0
[11-Jul-2023 14:56:22 UTC] PHP Warning:  Module 'pdo_mysql' already loaded in Unknown on line 0
[11-Jul-2023 14:56:23 UTC] PHP Warning:  Module 'pdo_mysql' already loaded in Unknown on line 0
[11-Jul-2023 14:56:23 UTC] PHP Warning:  Module 'pdo_mysql' already loaded in Unknown on line 0
[11-Jul-2023 14:56:24 UTC] PHP Warning:  Module 'pdo_mysql' already loaded in Unknown on line 0
[11-Jul-2023 14:56:25 UTC] PHP Warning:  Module 'pdo_mysql' already loaded in Unknown on line 0
[11-Jul-2023 14:56:26 UTC] PHP Warning:  Module 'pdo_mysql' already loaded in Unknown on line 0
[11-Jul-2023 15:06:42 UTC] PHP Warning:  Module 'pdo_mysql' already loaded in Unknown on line 0
[11-Jul-2023 15:06:42 UTC] PHP Warning:  Module 'pdo_mysql' already loaded in Unknown on line 0
[11-Jul-2023 15:06:42 UTC] PHP Warning:  Module 'pdo_mysql' already loaded in Unknown on line 0
[11-Jul-2023 15:06:43 UTC] PHP Warning:  Module 'pdo_mysql' already loaded in Unknown on line 0
[11-Jul-2023 15:06:44 UTC] PHP Warning:  Module 'pdo_mysql' already loaded in Unknown on line 0
[11-Jul-2023 15:06:44 UTC] PHP Warning:  Module 'pdo_mysql' already loaded in Unknown on line 0
[11-Jul-2023 15:06:45 UTC] PHP Warning:  Module 'pdo_mysql' already loaded in Unknown on line 0
[11-Jul-2023 15:06:47 UTC] PHP Warning:  Module 'pdo_mysql' already loaded in Unknown on line 0
[11-Jul-2023 15:06:47 UTC] PHP Warning:  Module 'pdo_mysql' already loaded in Unknown on line 0
[11-Jul-2023 15:10:45 UTC] PHP Warning:  Module 'pdo_mysql' already loaded in Unknown on line 0
[11-Jul-2023 15:10:46 UTC] PHP Warning:  Module 'pdo_mysql' already loaded in Unknown on line 0
[11-Jul-2023 15:10:46 UTC] PHP Warning:  Module 'pdo_mysql' already loaded in Unknown on line 0
[11-Jul-2023 15:10:46 UTC] PHP Warning:  Module 'pdo_mysql' already loaded in Unknown on line 0
[11-Jul-2023 15:10:47 UTC] PHP Warning:  Module 'pdo_mysql' already loaded in Unknown on line 0
[11-Jul-2023 15:10:47 UTC] PHP Warning:  Module 'pdo_mysql' already loaded in Unknown on line 0
[11-Jul-2023 15:10:48 UTC] PHP Warning:  Module 'pdo_mysql' already loaded in Unknown on line 0
[11-Jul-2023 15:10:50 UTC] PHP Warning:  Module 'pdo_mysql' already loaded in Unknown on line 0
[11-Jul-2023 15:10:50 UTC] PHP Warning:  Module 'pdo_mysql' already loaded in Unknown on line 0
[11-Jul-2023 15:14:15 UTC] PHP Warning:  Module 'pdo_mysql' already loaded in Unknown on line 0
[11-Jul-2023 15:14:15 UTC] PHP Warning:  Module 'pdo_mysql' already loaded in Unknown on line 0
[11-Jul-2023 15:14:15 UTC] PHP Warning:  Module 'pdo_mysql' already loaded in Unknown on line 0
[11-Jul-2023 15:14:16 UTC] PHP Warning:  Module 'pdo_mysql' already loaded in Unknown on line 0
[11-Jul-2023 15:14:16 UTC] PHP Warning:  Module 'pdo_mysql' already loaded in Unknown on line 0
[11-Jul-2023 15:14:17 UTC] PHP Warning:  Module 'pdo_mysql' already loaded in Unknown on line 0
[11-Jul-2023 15:14:18 UTC] PHP Warning:  Module 'pdo_mysql' already loaded in Unknown on line 0
[11-Jul-2023 15:14:19 UTC] PHP Warning:  Module 'pdo_mysql' already loaded in Unknown on line 0
[11-Jul-2023 15:14:19 UTC] PHP Warning:  Module 'pdo_mysql' already loaded in Unknown on line 0
[11-Jul-2023 15:16:12 UTC] PHP Warning:  Module 'pdo_mysql' already loaded in Unknown on line 0
[11-Jul-2023 15:16:12 UTC] PHP Warning:  Module 'pdo_mysql' already loaded in Unknown on line 0
[11-Jul-2023 15:16:13 UTC] PHP Warning:  Module 'pdo_mysql' already loaded in Unknown on line 0
[11-Jul-2023 15:16:13 UTC] PHP Warning:  Module 'pdo_mysql' already loaded in Unknown on line 0
[11-Jul-2023 15:16:14 UTC] PHP Warning:  Module 'pdo_mysql' already loaded in Unknown on line 0
[11-Jul-2023 15:16:14 UTC] PHP Warning:  Module 'pdo_mysql' already loaded in Unknown on line 0
[11-Jul-2023 15:16:15 UTC] PHP Warning:  Module 'pdo_mysql' already loaded in Unknown on line 0
[11-Jul-2023 15:16:17 UTC] PHP Warning:  Module 'pdo_mysql' already loaded in Unknown on line 0
[11-Jul-2023 15:16:17 UTC] PHP Warning:  Module 'pdo_mysql' already loaded in Unknown on line 0
[11-Jul-2023 15:18:58 UTC] PHP Warning:  Module 'pdo_mysql' already loaded in Unknown on line 0
[11-Jul-2023 15:18:59 UTC] PHP Warning:  Module 'pdo_mysql' already loaded in Unknown on line 0
[11-Jul-2023 15:18:59 UTC] PHP Warning:  Module 'pdo_mysql' already loaded in Unknown on line 0
[11-Jul-2023 15:18:59 UTC] PHP Warning:  Module 'pdo_mysql' already loaded in Unknown on line 0
[11-Jul-2023 15:19:00 UTC] PHP Warning:  Module 'pdo_mysql' already loaded in Unknown on line 0
[11-Jul-2023 15:19:00 UTC] PHP Warning:  Module 'pdo_mysql' already loaded in Unknown on line 0
[11-Jul-2023 15:19:01 UTC] PHP Warning:  Module 'pdo_mysql' already loaded in Unknown on line 0
[11-Jul-2023 15:19:03 UTC] PHP Warning:  Module 'pdo_mysql' already loaded in Unknown on line 0
[11-Jul-2023 15:19:03 UTC] PHP Warning:  Module 'pdo_mysql' already loaded in Unknown on line 0
[12-Jul-2023 08:38:31 UTC] PHP Warning:  Module 'pdo_mysql' already loaded in Unknown on line 0
[12-Jul-2023 08:38:31 UTC] PHP Warning:  Module 'pdo_mysql' already loaded in Unknown on line 0
[12-Jul-2023 08:38:32 UTC] PHP Warning:  Module 'pdo_mysql' already loaded in Unknown on line 0
[12-Jul-2023 08:38:32 UTC] PHP Warning:  Module 'pdo_mysql' already loaded in Unknown on line 0
[12-Jul-2023 08:38:33 UTC] PHP Warning:  Module 'pdo_mysql' already loaded in Unknown on line 0
[12-Jul-2023 08:38:33 UTC] PHP Warning:  Module 'pdo_mysql' already loaded in Unknown on line 0
[12-Jul-2023 08:38:34 UTC] PHP Warning:  Module 'pdo_mysql' already loaded in Unknown on line 0
[12-Jul-2023 08:38:35 UTC] PHP Warning:  Module 'pdo_mysql' already loaded in Unknown on line 0
[12-Jul-2023 08:38:36 UTC] PHP Warning:  Module 'pdo_mysql' already loaded in Unknown on line 0
[12-Jul-2023 08:50:18 UTC] PHP Warning:  Module 'pdo_mysql' already loaded in Unknown on line 0
[12-Jul-2023 08:50:18 UTC] PHP Warning:  Module 'pdo_mysql' already loaded in Unknown on line 0
[12-Jul-2023 08:50:18 UTC] PHP Warning:  Module 'pdo_mysql' already loaded in Unknown on line 0
[12-Jul-2023 08:50:19 UTC] PHP Warning:  Module 'pdo_mysql' already loaded in Unknown on line 0
[12-Jul-2023 08:50:19 UTC] PHP Warning:  Module 'pdo_mysql' already loaded in Unknown on line 0
[12-Jul-2023 08:50:20 UTC] PHP Warning:  Module 'pdo_mysql' already loaded in Unknown on line 0
[12-Jul-2023 08:50:21 UTC] PHP Warning:  Module 'pdo_mysql' already loaded in Unknown on line 0
[12-Jul-2023 08:50:22 UTC] PHP Warning:  Module 'pdo_mysql' already loaded in Unknown on line 0
[12-Jul-2023 08:50:22 UTC] PHP Warning:  Module 'pdo_mysql' already loaded in Unknown on line 0
[12-Jul-2023 08:57:27 UTC] PHP Warning:  Module 'pdo_mysql' already loaded in Unknown on line 0
[12-Jul-2023 08:57:27 UTC] PHP Warning:  Module 'pdo_mysql' already loaded in Unknown on line 0
[12-Jul-2023 08:57:27 UTC] PHP Warning:  Module 'pdo_mysql' already loaded in Unknown on line 0
[12-Jul-2023 08:57:28 UTC] PHP Warning:  Module 'pdo_mysql' already loaded in Unknown on line 0
[12-Jul-2023 08:57:28 UTC] PHP Warning:  Module 'pdo_mysql' already loaded in Unknown on line 0
[12-Jul-2023 08:57:29 UTC] PHP Warning:  Module 'pdo_mysql' already loaded in Unknown on line 0
[12-Jul-2023 08:57:30 UTC] PHP Warning:  Module 'pdo_mysql' already loaded in Unknown on line 0
[12-Jul-2023 08:57:31 UTC] PHP Warning:  Module 'pdo_mysql' already loaded in Unknown on line 0
[12-Jul-2023 08:57:31 UTC] PHP Warning:  Module 'pdo_mysql' already loaded in Unknown on line 0
[12-Jul-2023 09:00:29 UTC] PHP Warning:  Module 'pdo_mysql' already loaded in Unknown on line 0
[12-Jul-2023 09:00:30 UTC] PHP Warning:  Module 'pdo_mysql' already loaded in Unknown on line 0
[12-Jul-2023 09:00:30 UTC] PHP Warning:  Module 'pdo_mysql' already loaded in Unknown on line 0
[12-Jul-2023 09:00:30 UTC] PHP Warning:  Module 'pdo_mysql' already loaded in Unknown on line 0
[12-Jul-2023 09:00:31 UTC] PHP Warning:  Module 'pdo_mysql' already loaded in Unknown on line 0
[12-Jul-2023 09:00:31 UTC] PHP Warning:  Module 'pdo_mysql' already loaded in Unknown on line 0
[12-Jul-2023 09:00:32 UTC] PHP Warning:  Module 'pdo_mysql' already loaded in Unknown on line 0
[12-Jul-2023 09:00:34 UTC] PHP Warning:  Module 'pdo_mysql' already loaded in Unknown on line 0
[12-Jul-2023 09:00:34 UTC] PHP Warning:  Module 'pdo_mysql' already loaded in Unknown on line 0
[12-Jul-2023 09:02:30 UTC] PHP Warning:  Module 'pdo_mysql' already loaded in Unknown on line 0
[12-Jul-2023 09:02:30 UTC] PHP Warning:  Module 'pdo_mysql' already loaded in Unknown on line 0
[12-Jul-2023 09:02:30 UTC] PHP Warning:  Module 'pdo_mysql' already loaded in Unknown on line 0
[12-Jul-2023 09:02:31 UTC] PHP Warning:  Module 'pdo_mysql' already loaded in Unknown on line 0
[12-Jul-2023 09:02:31 UTC] PHP Warning:  Module 'pdo_mysql' already loaded in Unknown on line 0
[12-Jul-2023 09:02:31 UTC] PHP Warning:  Module 'pdo_mysql' already loaded in Unknown on line 0
[12-Jul-2023 09:03:13 UTC] PHP Warning:  Module 'pdo_mysql' already loaded in Unknown on line 0
[12-Jul-2023 09:03:14 UTC] PHP Warning:  Module 'pdo_mysql' already loaded in Unknown on line 0
[12-Jul-2023 09:03:14 UTC] PHP Warning:  Module 'pdo_mysql' already loaded in Unknown on line 0
[12-Jul-2023 09:03:14 UTC] PHP Warning:  Module 'pdo_mysql' already loaded in Unknown on line 0
[12-Jul-2023 09:03:15 UTC] PHP Warning:  Module 'pdo_mysql' already loaded in Unknown on line 0
[12-Jul-2023 09:03:15 UTC] PHP Warning:  Module 'pdo_mysql' already loaded in Unknown on line 0
[12-Jul-2023 09:03:16 UTC] PHP Warning:  Module 'pdo_mysql' already loaded in Unknown on line 0
[12-Jul-2023 09:03:18 UTC] PHP Warning:  Module 'pdo_mysql' already loaded in Unknown on line 0
[12-Jul-2023 09:03:18 UTC] PHP Warning:  Module 'pdo_mysql' already loaded in Unknown on line 0
[12-Jul-2023 09:03:26 UTC] PHP Warning:  Module 'pdo_mysql' already loaded in Unknown on line 0
[12-Jul-2023 09:03:33 UTC] PHP Warning:  Module 'pdo_mysql' already loaded in Unknown on line 0
[12-Jul-2023 09:03:34 UTC] PHP Warning:  Module 'pdo_mysql' already loaded in Unknown on line 0
[12-Jul-2023 09:03:34 UTC] PHP Warning:  Module 'pdo_mysql' already loaded in Unknown on line 0
[12-Jul-2023 09:03:34 UTC] PHP Warning:  Module 'pdo_mysql' already loaded in Unknown on line 0
[12-Jul-2023 09:03:35 UTC] PHP Warning:  Module 'pdo_mysql' already loaded in Unknown on line 0
[12-Jul-2023 09:03:35 UTC] PHP Warning:  Module 'pdo_mysql' already loaded in Unknown on line 0
[12-Jul-2023 09:03:36 UTC] PHP Warning:  Module 'pdo_mysql' already loaded in Unknown on line 0
[12-Jul-2023 09:03:37 UTC] PHP Warning:  Module 'pdo_mysql' already loaded in Unknown on line 0
[12-Jul-2023 09:03:37 UTC] PHP Warning:  Module 'pdo_mysql' already loaded in Unknown on line 0
[12-Jul-2023 09:11:19 UTC] PHP Warning:  Module 'pdo_mysql' already loaded in Unknown on line 0
[12-Jul-2023 09:13:38 UTC] PHP Warning:  Module 'pdo_mysql' already loaded in Unknown on line 0
[12-Jul-2023 09:17:58 UTC] PHP Warning:  Module 'pdo_mysql' already loaded in Unknown on line 0
[12-Jul-2023 09:17:58 UTC] PHP Warning:  Module 'pdo_mysql' already loaded in Unknown on line 0
[12-Jul-2023 09:17:58 UTC] PHP Warning:  Module 'pdo_mysql' already loaded in Unknown on line 0
[12-Jul-2023 09:17:58 UTC] PHP Warning:  Module 'pdo_mysql' already loaded in Unknown on line 0
[12-Jul-2023 09:18:09 UTC] PHP Warning:  Module 'pdo_mysql' already loaded in Unknown on line 0
[12-Jul-2023 09:18:10 UTC] PHP Warning:  Module 'pdo_mysql' already loaded in Unknown on line 0
[12-Jul-2023 09:19:47 UTC] PHP Warning:  Module 'pdo_mysql' already loaded in Unknown on line 0
[12-Jul-2023 09:19:47 UTC] PHP Warning:  Module 'pdo_mysql' already loaded in Unknown on line 0
[12-Jul-2023 09:19:47 UTC] PHP Warning:  Module 'pdo_mysql' already loaded in Unknown on line 0
[12-Jul-2023 09:19:48 UTC] PHP Warning:  Module 'pdo_mysql' already loaded in Unknown on line 0
[12-Jul-2023 09:19:48 UTC] PHP Warning:  Module 'pdo_mysql' already loaded in Unknown on line 0
[12-Jul-2023 09:19:49 UTC] PHP Warning:  Module 'pdo_mysql' already loaded in Unknown on line 0
[12-Jul-2023 09:19:50 UTC] PHP Warning:  Module 'pdo_mysql' already loaded in Unknown on line 0
[12-Jul-2023 09:19:51 UTC] PHP Warning:  Module 'pdo_mysql' already loaded in Unknown on line 0
[12-Jul-2023 09:19:51 UTC] PHP Warning:  Module 'pdo_mysql' already loaded in Unknown on line 0
[12-Jul-2023 09:29:30 UTC] PHP Warning:  Module 'pdo_mysql' already loaded in Unknown on line 0
[12-Jul-2023 09:31:00 UTC] PHP Warning:  Module 'pdo_mysql' already loaded in Unknown on line 0
[12-Jul-2023 09:31:08 UTC] PHP Warning:  Module 'pdo_mysql' already loaded in Unknown on line 0
[12-Jul-2023 09:31:10 UTC] PHP Warning:  Module 'pdo_mysql' already loaded in Unknown on line 0
[12-Jul-2023 09:32:31 UTC] PHP Warning:  Module 'pdo_mysql' already loaded in Unknown on line 0
[12-Jul-2023 09:32:31 UTC] PHP Notice:  Undefined index: name in /app/vendor/deployer/deployer/bin/dep on line 110
[12-Jul-2023 09:32:31 UTC] PHP Notice:  Trying to access array offset on value of type bool in /app/vendor/deployer/deployer/bin/dep on line 110
[12-Jul-2023 09:32:31 UTC] PHP Notice:  Undefined index: name in /app/vendor/deployer/deployer/bin/dep on line 110
[12-Jul-2023 09:34:50 UTC] PHP Warning:  Module 'pdo_mysql' already loaded in Unknown on line 0
[12-Jul-2023 09:34:51 UTC] PHP Notice:  Undefined index: name in /app/vendor/deployer/deployer/bin/dep on line 110
[12-Jul-2023 09:34:51 UTC] PHP Notice:  Trying to access array offset on value of type bool in /app/vendor/deployer/deployer/bin/dep on line 110
[12-Jul-2023 09:34:51 UTC] PHP Notice:  Undefined index: name in /app/vendor/deployer/deployer/bin/dep on line 110
[12-Jul-2023 09:37:50 UTC] PHP Warning:  Module 'pdo_mysql' already loaded in Unknown on line 0
[12-Jul-2023 09:37:50 UTC] PHP Notice:  Undefined index: name in /app/vendor/deployer/deployer/bin/dep on line 110
[12-Jul-2023 09:37:50 UTC] PHP Notice:  Trying to access array offset on value of type bool in /app/vendor/deployer/deployer/bin/dep on line 110
[12-Jul-2023 09:37:50 UTC] PHP Notice:  Undefined index: name in /app/vendor/deployer/deployer/bin/dep on line 110
[12-Jul-2023 09:41:37 UTC] PHP Warning:  Module 'pdo_mysql' already loaded in Unknown on line 0
[12-Jul-2023 09:41:42 UTC] PHP Warning:  Module 'pdo_mysql' already loaded in Unknown on line 0
[12-Jul-2023 09:41:44 UTC] PHP Warning:  Module 'pdo_mysql' already loaded in Unknown on line 0
[12-Jul-2023 09:42:27 UTC] PHP Warning:  Module 'pdo_mysql' already loaded in Unknown on line 0
[12-Jul-2023 09:42:31 UTC] PHP Warning:  Module 'pdo_mysql' already loaded in Unknown on line 0
[12-Jul-2023 09:42:33 UTC] PHP Warning:  Module 'pdo_mysql' already loaded in Unknown on line 0
[12-Jul-2023 09:42:55 UTC] PHP Warning:  Module 'pdo_mysql' already loaded in Unknown on line 0
[12-Jul-2023 09:43:01 UTC] PHP Warning:  Module 'pdo_mysql' already loaded in Unknown on line 0
[12-Jul-2023 09:43:02 UTC] PHP Warning:  Module 'pdo_mysql' already loaded in Unknown on line 0
[12-Jul-2023 09:43:15 UTC] PHP Warning:  Module 'pdo_mysql' already loaded in Unknown on line 0
[12-Jul-2023 09:47:46 UTC] PHP Warning:  Module 'pdo_mysql' already loaded in Unknown on line 0
[12-Jul-2023 09:47:46 UTC] PHP Warning:  preg_match() expects parameter 2 to be string, array given in /app/vendor/deployer/deployer/src/Host/Range.php on line 18
[12-Jul-2023 09:48:07 UTC] PHP Warning:  Module 'pdo_mysql' already loaded in Unknown on line 0
[12-Jul-2023 09:49:09 UTC] PHP Warning:  Module 'pdo_mysql' already loaded in Unknown on line 0
[12-Jul-2023 09:50:57 UTC] PHP Warning:  Module 'pdo_mysql' already loaded in Unknown on line 0
[12-Jul-2023 09:53:14 UTC] PHP Warning:  Module 'pdo_mysql' already loaded in Unknown on line 0
[12-Jul-2023 09:57:39 UTC] PHP Warning:  Module 'pdo_mysql' already loaded in Unknown on line 0
[12-Jul-2023 09:58:01 UTC] PHP Warning:  Module 'pdo_mysql' already loaded in Unknown on line 0
[12-Jul-2023 09:58:36 UTC] PHP Warning:  Module 'pdo_mysql' already loaded in Unknown on line 0
[12-Jul-2023 09:59:36 UTC] PHP Warning:  Module 'pdo_mysql' already loaded in Unknown on line 0
[12-Jul-2023 09:59:41 UTC] PHP Warning:  Module 'pdo_mysql' already loaded in Unknown on line 0
[12-Jul-2023 09:59:42 UTC] PHP Warning:  Module 'pdo_mysql' already loaded in Unknown on line 0
[12-Jul-2023 09:59:54 UTC] PHP Warning:  Module 'pdo_mysql' already loaded in Unknown on line 0
[12-Jul-2023 10:00:47 UTC] PHP Warning:  Module 'pdo_mysql' already loaded in Unknown on line 0
[12-Jul-2023 10:00:54 UTC] PHP Warning:  Module 'pdo_mysql' already loaded in Unknown on line 0
[12-Jul-2023 10:03:23 UTC] PHP Warning:  Module 'pdo_mysql' already loaded in Unknown on line 0
[12-Jul-2023 10:03:29 UTC] PHP Warning:  Module 'pdo_mysql' already loaded in Unknown on line 0
[12-Jul-2023 10:03:31 UTC] PHP Warning:  Module 'pdo_mysql' already loaded in Unknown on line 0
[12-Jul-2023 10:03:54 UTC] PHP Warning:  Module 'pdo_mysql' already loaded in Unknown on line 0
[12-Jul-2023 10:05:21 UTC] PHP Warning:  Module 'pdo_mysql' already loaded in Unknown on line 0
[12-Jul-2023 10:05:25 UTC] PHP Warning:  Module 'pdo_mysql' already loaded in Unknown on line 0
[12-Jul-2023 10:05:27 UTC] PHP Warning:  Module 'pdo_mysql' already loaded in Unknown on line 0
[12-Jul-2023 10:05:38 UTC] PHP Warning:  Module 'pdo_mysql' already loaded in Unknown on line 0
[12-Jul-2023 10:05:56 UTC] PHP Warning:  Module 'pdo_mysql' already loaded in Unknown on line 0
[12-Jul-2023 10:05:59 UTC] PHP Warning:  Module 'pdo_mysql' already loaded in Unknown on line 0
[12-Jul-2023 10:14:09 UTC] PHP Warning:  Module 'pdo_mysql' already loaded in Unknown on line 0
[12-Jul-2023 10:14:20 UTC] PHP Warning:  Module 'pdo_mysql' already loaded in Unknown on line 0
[12-Jul-2023 10:14:35 UTC] PHP Warning:  Module 'pdo_mysql' already loaded in Unknown on line 0
[12-Jul-2023 10:16:45 UTC] PHP Warning:  Module 'pdo_mysql' already loaded in Unknown on line 0
[12-Jul-2023 10:18:35 UTC] PHP Warning:  Module 'pdo_mysql' already loaded in Unknown on line 0
[12-Jul-2023 10:19:10 UTC] PHP Warning:  Module 'pdo_mysql' already loaded in Unknown on line 0
[12-Jul-2023 10:20:44 UTC] PHP Warning:  Module 'pdo_mysql' already loaded in Unknown on line 0
[12-Jul-2023 10:21:52 UTC] PHP Warning:  Module 'pdo_mysql' already loaded in Unknown on line 0
[12-Jul-2023 10:22:14 UTC] PHP Warning:  Module 'pdo_mysql' already loaded in Unknown on line 0
[12-Jul-2023 10:33:36 UTC] PHP Warning:  Module 'pdo_mysql' already loaded in Unknown on line 0
[12-Jul-2023 10:33:54 UTC] PHP Warning:  Module 'pdo_mysql' already loaded in Unknown on line 0
[12-Jul-2023 10:33:56 UTC] PHP Warning:  Module 'pdo_mysql' already loaded in Unknown on line 0
[12-Jul-2023 10:34:09 UTC] PHP Warning:  Module 'pdo_mysql' already loaded in Unknown on line 0
[12-Jul-2023 10:34:14 UTC] PHP Warning:  Module 'pdo_mysql' already loaded in Unknown on line 0
[12-Jul-2023 10:34:16 UTC] PHP Warning:  Module 'pdo_mysql' already loaded in Unknown on line 0
[12-Jul-2023 10:34:31 UTC] PHP Warning:  Module 'pdo_mysql' already loaded in Unknown on line 0
[12-Jul-2023 10:34:37 UTC] PHP Warning:  Module 'pdo_mysql' already loaded in Unknown on line 0
[12-Jul-2023 10:34:39 UTC] PHP Warning:  Module 'pdo_mysql' already loaded in Unknown on line 0
[12-Jul-2023 10:35:20 UTC] PHP Warning:  Module 'pdo_mysql' already loaded in Unknown on line 0
[12-Jul-2023 10:35:23 UTC] PHP Warning:  Module 'pdo_mysql' already loaded in Unknown on line 0
[12-Jul-2023 10:35:25 UTC] PHP Warning:  Module 'pdo_mysql' already loaded in Unknown on line 0
[12-Jul-2023 10:35:51 UTC] PHP Warning:  Module 'pdo_mysql' already loaded in Unknown on line 0
[12-Jul-2023 10:35:59 UTC] PHP Warning:  Module 'pdo_mysql' already loaded in Unknown on line 0
[12-Jul-2023 10:36:00 UTC] PHP Warning:  Module 'pdo_mysql' already loaded in Unknown on line 0
[12-Jul-2023 10:38:40 UTC] PHP Warning:  Module 'pdo_mysql' already loaded in Unknown on line 0
[12-Jul-2023 10:38:46 UTC] PHP Warning:  Module 'pdo_mysql' already loaded in Unknown on line 0
[12-Jul-2023 10:38:48 UTC] PHP Warning:  Module 'pdo_mysql' already loaded in Unknown on line 0
[12-Jul-2023 10:40:11 UTC] PHP Warning:  Module 'pdo_mysql' already loaded in Unknown on line 0
[12-Jul-2023 10:42:43 UTC] PHP Warning:  Module 'pdo_mysql' already loaded in Unknown on line 0
[12-Jul-2023 10:45:50 UTC] PHP Warning:  Module 'pdo_mysql' already loaded in Unknown on line 0
[12-Jul-2023 10:55:14 UTC] PHP Warning:  Module 'pdo_mysql' already loaded in Unknown on line 0
[12-Jul-2023 11:23:00 UTC] PHP Warning:  Module 'pdo_mysql' already loaded in Unknown on line 0
[12-Jul-2023 11:23:46 UTC] PHP Warning:  Module 'pdo_mysql' already loaded in Unknown on line 0
[12-Jul-2023 11:28:39 UTC] PHP Warning:  Module 'pdo_mysql' already loaded in Unknown on line 0
[12-Jul-2023 11:32:32 UTC] PHP Warning:  Module 'pdo_mysql' already loaded in Unknown on line 0
[12-Jul-2023 11:33:51 UTC] PHP Warning:  Module 'pdo_mysql' already loaded in Unknown on line 0
[12-Jul-2023 11:38:36 UTC] PHP Warning:  Module 'pdo_mysql' already loaded in Unknown on line 0
[12-Jul-2023 11:39:05 UTC] PHP Warning:  Module 'pdo_mysql' already loaded in Unknown on line 0
[12-Jul-2023 11:39:11 UTC] PHP Warning:  Module 'pdo_mysql' already loaded in Unknown on line 0
[12-Jul-2023 11:40:03 UTC] PHP Warning:  Module 'pdo_mysql' already loaded in Unknown on line 0
[12-Jul-2023 11:40:11 UTC] PHP Warning:  Module 'pdo_mysql' already loaded in Unknown on line 0
[12-Jul-2023 11:40:23 UTC] PHP Warning:  Module 'pdo_mysql' already loaded in Unknown on line 0
[12-Jul-2023 12:27:55 UTC] PHP Warning:  Module 'pdo_mysql' already loaded in Unknown on line 0
[12-Jul-2023 12:28:07 UTC] PHP Warning:  Module 'pdo_mysql' already loaded in Unknown on line 0
[12-Jul-2023 12:28:58 UTC] PHP Warning:  Module 'pdo_mysql' already loaded in Unknown on line 0
[12-Jul-2023 12:39:30 UTC] PHP Warning:  Module 'pdo_mysql' already loaded in Unknown on line 0
[12-Jul-2023 12:39:36 UTC] PHP Warning:  Module 'pdo_mysql' already loaded in Unknown on line 0
[12-Jul-2023 12:39:38 UTC] PHP Warning:  Module 'pdo_mysql' already loaded in Unknown on line 0
[12-Jul-2023 12:41:06 UTC] PHP Warning:  Module 'pdo_mysql' already loaded in Unknown on line 0
[12-Jul-2023 12:45:24 UTC] PHP Warning:  Module 'pdo_mysql' already loaded in Unknown on line 0
[12-Jul-2023 13:01:38 UTC] PHP Warning:  Module 'pdo_mysql' already loaded in Unknown on line 0
[12-Jul-2023 13:17:21 UTC] PHP Warning:  Module 'pdo_mysql' already loaded in Unknown on line 0
[12-Jul-2023 13:27:27 UTC] PHP Warning:  Module 'pdo_mysql' already loaded in Unknown on line 0
[12-Jul-2023 13:27:46 UTC] PHP Warning:  join(): Invalid arguments passed in /app/vendor/deployer/deployer/recipe/deploy/writable.php on line 12
[12-Jul-2023 13:28:35 UTC] PHP Warning:  Module 'pdo_mysql' already loaded in Unknown on line 0
[12-Jul-2023 13:30:34 UTC] PHP Warning:  Module 'pdo_mysql' already loaded in Unknown on line 0
[12-Jul-2023 13:35:03 UTC] PHP Warning:  Module 'pdo_mysql' already loaded in Unknown on line 0
[12-Jul-2023 14:39:54 UTC] PHP Warning:  Module 'pdo_mysql' already loaded in Unknown on line 0
[12-Jul-2023 14:40:31 UTC] PHP Warning:  Module 'pdo_mysql' already loaded in Unknown on line 0
[12-Jul-2023 14:41:44 UTC] PHP Warning:  Module 'pdo_mysql' already loaded in Unknown on line 0
[12-Jul-2023 14:41:57 UTC] PHP Warning:  Module 'pdo_mysql' already loaded in Unknown on line 0
[12-Jul-2023 14:43:41 UTC] PHP Warning:  Module 'pdo_mysql' already loaded in Unknown on line 0
[12-Jul-2023 14:44:20 UTC] PHP Warning:  Module 'pdo_mysql' already loaded in Unknown on line 0
[12-Jul-2023 14:44:30 UTC] PHP Warning:  Module 'pdo_mysql' already loaded in Unknown on line 0
[12-Jul-2023 14:45:45 UTC] PHP Warning:  Module 'pdo_mysql' already loaded in Unknown on line 0
[12-Jul-2023 14:45:51 UTC] PHP Warning:  Module 'pdo_mysql' already loaded in Unknown on line 0
[12-Jul-2023 14:47:42 UTC] PHP Warning:  Module 'pdo_mysql' already loaded in Unknown on line 0
[12-Jul-2023 14:47:50 UTC] PHP Warning:  Module 'pdo_mysql' already loaded in Unknown on line 0
[12-Jul-2023 14:47:53 UTC] PHP Warning:  Module 'pdo_mysql' already loaded in Unknown on line 0
[12-Jul-2023 14:47:58 UTC] PHP Warning:  Module 'pdo_mysql' already loaded in Unknown on line 0
[12-Jul-2023 14:48:04 UTC] PHP Warning:  Module 'pdo_mysql' already loaded in Unknown on line 0
[12-Jul-2023 14:48:07 UTC] PHP Warning:  Module 'pdo_mysql' already loaded in Unknown on line 0
[13-Jul-2023 07:56:24 UTC] PHP Warning:  Module 'pdo_mysql' already loaded in Unknown on line 0
[13-Jul-2023 07:56:25 UTC] [critical] Error thrown while running command "doctrine:migrations:migrate". Message: "An exception occurred in the driver: SQLSTATE[HY000] [2002] Connection refused"
[13-Jul-2023 08:00:50 UTC] PHP Warning:  Module 'pdo_mysql' already loaded in Unknown on line 0
[13-Jul-2023 08:00:51 UTC] [critical] Error thrown while running command "doctrine:migrations:migrate". Message: "An exception occurred in the driver: SQLSTATE[HY000] [2002] Connection refused"
[13-Jul-2023 08:01:05 UTC] PHP Warning:  Module 'pdo_mysql' already loaded in Unknown on line 0
[13-Jul-2023 08:01:11 UTC] PHP Warning:  Module 'pdo_mysql' already loaded in Unknown on line 0
[13-Jul-2023 08:02:51 UTC] PHP Warning:  Module 'pdo_mysql' already loaded in Unknown on line 0
[13-Jul-2023 08:04:34 UTC] PHP Warning:  Module 'pdo_mysql' already loaded in Unknown on line 0
[13-Jul-2023 08:06:21 UTC] PHP Warning:  Module 'pdo_mysql' already loaded in Unknown on line 0
[13-Jul-2023 08:08:07 UTC] PHP Warning:  Module 'pdo_mysql' already loaded in Unknown on line 0
[13-Jul-2023 08:12:02 UTC] PHP Warning:  Module 'pdo_mysql' already loaded in Unknown on line 0
[13-Jul-2023 08:12:40 UTC] PHP Warning:  Module 'pdo_mysql' already loaded in Unknown on line 0
[13-Jul-2023 08:13:30 UTC] PHP Warning:  Module 'pdo_mysql' already loaded in Unknown on line 0
[13-Jul-2023 08:13:49 UTC] PHP Warning:  Module 'pdo_mysql' already loaded in Unknown on line 0
[13-Jul-2023 08:19:12 UTC] PHP Warning:  Module 'pdo_mysql' already loaded in Unknown on line 0
[13-Jul-2023 08:19:31 UTC] PHP Warning:  Module 'pdo_mysql' already loaded in Unknown on line 0
